===> User
uid=0(root) gid=0(root) groups=0(root)
===> Configuring ...
===> Running preflight checks ... 
===> Check if /var/lib/kafka/data is writable ...
===> Check if Zookeeper is healthy ...
ignore zk-ready  40
Formatting /tmp/kraft-combined-logs with metadata.version 3.3-IV3.
===> Launching ... 
===> Launching kafka ... 
[2023-01-17 11:03:35,722] INFO Registered kafka:type=kafka.Log4jController MBean (kafka.utils.Log4jControllerRegistration$)
[2023-01-17 11:03:37,895] INFO Setting -D jdk.tls.rejectClientInitiatedRenegotiation=true to disable client-initiated TLS renegotiation (org.apache.zookeeper.common.X509Util)
[2023-01-17 11:03:38,771] INFO [LogLoader partition=__cluster_metadata-0, dir=/tmp/kraft-combined-logs] Loading producer state till offset 0 with message format version 2 (kafka.log.UnifiedLog$)
[2023-01-17 11:03:38,773] INFO [LogLoader partition=__cluster_metadata-0, dir=/tmp/kraft-combined-logs] Reloading from producer snapshot and rebuilding producer state from offset 0 (kafka.log.UnifiedLog$)
[2023-01-17 11:03:38,781] INFO [LogLoader partition=__cluster_metadata-0, dir=/tmp/kraft-combined-logs] Producer state recovery took 3ms for snapshot load and 2ms for segment recovery from offset 0 (kafka.log.UnifiedLog$)
[2023-01-17 11:03:39,064] INFO Initialized snapshots with IDs SortedSet() from /tmp/kraft-combined-logs/__cluster_metadata-0 (kafka.raft.KafkaMetadataLog$)
[2023-01-17 11:03:39,255] INFO [raft-expiration-reaper]: Starting (kafka.raft.TimingWheelExpirationService$ExpiredOperationReaper)
[2023-01-17 11:03:39,963] INFO [RaftManager nodeId=3] Completed transition to Unattached(epoch=0, voters=[1, 2, 3], electionTimeoutMs=1032) (org.apache.kafka.raft.QuorumState)
[2023-01-17 11:03:40,255] INFO Registered signal handlers for TERM, INT, HUP (org.apache.kafka.common.utils.LoggingSignalHandler)
[2023-01-17 11:03:40,279] INFO Starting controller (kafka.server.ControllerServer)
[2023-01-17 11:03:40,280] INFO [kafka-raft-outbound-request-thread]: Starting (kafka.raft.RaftSendThread)
[2023-01-17 11:03:40,281] INFO [kafka-raft-io-thread]: Starting (kafka.raft.KafkaRaftManager$RaftIoThread)
[2023-01-17 11:03:40,361] INFO [RaftManager nodeId=3] Completed transition to CandidateState(localId=3, epoch=1, retries=1, electionTimeoutMs=1988) (org.apache.kafka.raft.QuorumState)
[2023-01-17 11:03:41,674] INFO [RaftManager nodeId=3] Node 1 disconnected. (org.apache.kafka.clients.NetworkClient)
[2023-01-17 11:03:41,700] WARN [RaftManager nodeId=3] Connection to node 1 (kafka1/172.21.0.5:39092) could not be established. Broker may not be available. (org.apache.kafka.clients.NetworkClient)
[2023-01-17 11:03:42,520] INFO [RaftManager nodeId=3] Re-elect as candidate after election backoff has completed (org.apache.kafka.raft.KafkaRaftClient)
[2023-01-17 11:03:42,542] INFO [RaftManager nodeId=3] Completed transition to CandidateState(localId=3, epoch=2, retries=2, electionTimeoutMs=1364) (org.apache.kafka.raft.QuorumState)
[2023-01-17 11:03:42,553] INFO [RaftManager nodeId=3] Node 1 disconnected. (org.apache.kafka.clients.NetworkClient)
[2023-01-17 11:03:42,553] WARN [RaftManager nodeId=3] Connection to node 1 (kafka1/172.21.0.5:39092) could not be established. Broker may not be available. (org.apache.kafka.clients.NetworkClient)
[2023-01-17 11:03:42,607] INFO [RaftManager nodeId=3] Completed transition to FollowerState(fetchTimeoutMs=2000, epoch=3, leaderId=1, voters=[1, 2, 3], highWatermark=Optional.empty, fetchingSnapshot=Optional.empty) (org.apache.kafka.raft.QuorumState)
[2023-01-17 11:03:42,646] INFO [RaftManager nodeId=3] Node 1 disconnected. (org.apache.kafka.clients.NetworkClient)
[2023-01-17 11:03:42,648] WARN [RaftManager nodeId=3] Connection to node 1 (kafka1/172.21.0.5:39092) could not be established. Broker may not be available. (org.apache.kafka.clients.NetworkClient)
[2023-01-17 11:03:42,906] INFO [RaftManager nodeId=3] Node 1 disconnected. (org.apache.kafka.clients.NetworkClient)
[2023-01-17 11:03:42,907] WARN [RaftManager nodeId=3] Connection to node 1 (kafka1/172.21.0.5:39092) could not be established. Broker may not be available. (org.apache.kafka.clients.NetworkClient)
[2023-01-17 11:03:43,882] INFO Updated connection-accept-rate max connection creation rate to 2147483647 (kafka.network.ConnectionQuotas)
[2023-01-17 11:03:43,900] INFO Awaiting socket connections on kafka3:39094. (kafka.network.DataPlaneAcceptor)
[2023-01-17 11:03:44,096] INFO [SocketServer listenerType=CONTROLLER, nodeId=3] Created data-plane acceptor and processors for endpoint : ListenerName(CONTROLLER) (kafka.network.SocketServer)
[2023-01-17 11:03:44,314] INFO [Controller 3] Creating new QuorumController with clusterId xrx5mUMWTvaWbk157wFDKw, authorizer Optional.empty. (org.apache.kafka.controller.QuorumController)
[2023-01-17 11:03:44,386] INFO [RaftManager nodeId=3] Registered the listener org.apache.kafka.controller.QuorumController$QuorumMetaLogListener@1068491394 (org.apache.kafka.raft.KafkaRaftClient)
[2023-01-17 11:03:44,395] INFO [ThrottledChannelReaper-Fetch]: Starting (kafka.server.ClientQuotaManager$ThrottledChannelReaper)
[2023-01-17 11:03:44,402] INFO [ThrottledChannelReaper-Produce]: Starting (kafka.server.ClientQuotaManager$ThrottledChannelReaper)
[2023-01-17 11:03:44,439] INFO [ThrottledChannelReaper-Request]: Starting (kafka.server.ClientQuotaManager$ThrottledChannelReaper)
[2023-01-17 11:03:44,440] INFO [Controller 3] Setting metadata.version to 7 (org.apache.kafka.controller.FeatureControlManager)
[2023-01-17 11:03:44,450] INFO [Controller 3] Added new fenced broker: 4 (org.apache.kafka.controller.ClusterControlManager)
[2023-01-17 11:03:44,452] INFO [Controller 3] Registered new broker: RegisterBrokerRecord(brokerId=4, incarnationId=tNHwblaKTlqR6_tnc3UzsQ, brokerEpoch=2, endPoints=[BrokerEndpoint(name='PLAINTEXT', host='kafka4', port=29095, securityProtocol=0), BrokerEndpoint(name='PLAINTEXT_HOST', host='localhost', port=9095, securityProtocol=0)], features=[BrokerFeature(name='metadata.version', minSupportedVersion=1, maxSupportedVersion=7)], rack=null, fenced=true, inControlledShutdown=false) (org.apache.kafka.controller.ClusterControlManager)
[2023-01-17 11:03:44,452] INFO [Controller 3] Added new fenced broker: 5 (org.apache.kafka.controller.ClusterControlManager)
[2023-01-17 11:03:44,454] INFO [Controller 3] Registered new broker: RegisterBrokerRecord(brokerId=5, incarnationId=qGjDuT2-T0yGGpxSr41UsA, brokerEpoch=3, endPoints=[BrokerEndpoint(name='PLAINTEXT', host='kafka5', port=29096, securityProtocol=0), BrokerEndpoint(name='PLAINTEXT_HOST', host='localhost', port=9096, securityProtocol=0)], features=[BrokerFeature(name='metadata.version', minSupportedVersion=1, maxSupportedVersion=7)], rack=null, fenced=true, inControlledShutdown=false) (org.apache.kafka.controller.ClusterControlManager)
[2023-01-17 11:03:44,460] INFO [ThrottledChannelReaper-ControllerMutation]: Starting (kafka.server.ClientQuotaManager$ThrottledChannelReaper)
[2023-01-17 11:03:44,494] INFO [ExpirationReaper-3-AlterAcls]: Starting (kafka.server.DelayedOperationPurgatory$ExpiredOperationReaper)
[2023-01-17 11:03:44,505] INFO [SocketServer listenerType=CONTROLLER, nodeId=3] Enabling request processing. (kafka.network.SocketServer)
[2023-01-17 11:03:44,515] INFO Kafka version: 7.3.1-ccs (org.apache.kafka.common.utils.AppInfoParser)
[2023-01-17 11:03:44,515] INFO Kafka commitId: 8628b0341c3c46766f141043367cc0052f75b090 (org.apache.kafka.common.utils.AppInfoParser)
[2023-01-17 11:03:44,515] INFO Kafka startTimeMs: 1673953424514 (org.apache.kafka.common.utils.AppInfoParser)
[2023-01-17 11:03:44,517] INFO [KafkaRaftServer nodeId=3] Kafka Server started (kafka.server.KafkaRaftServer)
[2023-01-17 11:03:45,642] INFO [Controller 3] Unfenced broker: 4 (org.apache.kafka.controller.ClusterControlManager)
[2023-01-17 11:03:45,642] INFO [Controller 3] Unfenced broker: 5 (org.apache.kafka.controller.ClusterControlManager)
[2023-01-17 11:07:13,344] INFO [Controller 3] Created topic bar with topic ID b4bgupZGSuuDbwfI5Y2JFQ. (org.apache.kafka.controller.ReplicationControlManager)
[2023-01-17 11:07:13,347] INFO [Controller 3] Created partition bar-0 with topic ID b4bgupZGSuuDbwfI5Y2JFQ and PartitionRegistration(replicas=[4, 5], isr=[4, 5], removingReplicas=[], addingReplicas=[], leader=4, leaderRecoveryState=RECOVERED, leaderEpoch=0, partitionEpoch=0). (org.apache.kafka.controller.ReplicationControlManager)
[2023-01-17 11:07:13,348] INFO [Controller 3] Created partition bar-1 with topic ID b4bgupZGSuuDbwfI5Y2JFQ and PartitionRegistration(replicas=[5, 4], isr=[5, 4], removingReplicas=[], addingReplicas=[], leader=5, leaderRecoveryState=RECOVERED, leaderEpoch=0, partitionEpoch=0). (org.apache.kafka.controller.ReplicationControlManager)
[2023-01-17 11:07:13,348] INFO [Controller 3] Created partition bar-2 with topic ID b4bgupZGSuuDbwfI5Y2JFQ and PartitionRegistration(replicas=[4, 5], isr=[4, 5], removingReplicas=[], addingReplicas=[], leader=4, leaderRecoveryState=RECOVERED, leaderEpoch=0, partitionEpoch=0). (org.apache.kafka.controller.ReplicationControlManager)
