===> User
uid=0(root) gid=0(root) groups=0(root)
===> Configuring ...
===> Running preflight checks ... 
===> Check if /var/lib/kafka/data is writable ...
===> Check if Zookeeper is healthy ...
ignore zk-ready  40
Formatting /tmp/kraft-combined-logs with metadata.version 3.3-IV3.
===> Launching ... 
===> Launching kafka ... 
[2023-01-17 11:03:35,635] INFO Registered kafka:type=kafka.Log4jController MBean (kafka.utils.Log4jControllerRegistration$)
[2023-01-17 11:03:36,865] INFO Setting -D jdk.tls.rejectClientInitiatedRenegotiation=true to disable client-initiated TLS renegotiation (org.apache.zookeeper.common.X509Util)
[2023-01-17 11:03:37,779] INFO [LogLoader partition=__cluster_metadata-0, dir=/tmp/kraft-combined-logs] Loading producer state till offset 0 with message format version 2 (kafka.log.UnifiedLog$)
[2023-01-17 11:03:37,783] INFO [LogLoader partition=__cluster_metadata-0, dir=/tmp/kraft-combined-logs] Reloading from producer snapshot and rebuilding producer state from offset 0 (kafka.log.UnifiedLog$)
[2023-01-17 11:03:37,785] INFO [LogLoader partition=__cluster_metadata-0, dir=/tmp/kraft-combined-logs] Producer state recovery took 2ms for snapshot load and 0ms for segment recovery from offset 0 (kafka.log.UnifiedLog$)
[2023-01-17 11:03:38,016] INFO Initialized snapshots with IDs SortedSet() from /tmp/kraft-combined-logs/__cluster_metadata-0 (kafka.raft.KafkaMetadataLog$)
[2023-01-17 11:03:38,175] INFO [raft-expiration-reaper]: Starting (kafka.raft.TimingWheelExpirationService$ExpiredOperationReaper)
[2023-01-17 11:03:39,754] INFO [RaftManager nodeId=1] Completed transition to Unattached(epoch=0, voters=[1, 2, 3], electionTimeoutMs=1720) (org.apache.kafka.raft.QuorumState)
[2023-01-17 11:03:39,963] INFO Registered signal handlers for TERM, INT, HUP (org.apache.kafka.common.utils.LoggingSignalHandler)
[2023-01-17 11:03:40,019] INFO Starting controller (kafka.server.ControllerServer)
[2023-01-17 11:03:40,024] INFO [kafka-raft-outbound-request-thread]: Starting (kafka.raft.RaftSendThread)
[2023-01-17 11:03:40,027] INFO [kafka-raft-io-thread]: Starting (kafka.raft.KafkaRaftManager$RaftIoThread)
[2023-01-17 11:03:40,213] INFO [RaftManager nodeId=1] Completed transition to CandidateState(localId=1, epoch=1, retries=1, electionTimeoutMs=1496) (org.apache.kafka.raft.QuorumState)
[2023-01-17 11:03:41,207] INFO [RaftManager nodeId=1] Node 3 disconnected. (org.apache.kafka.clients.NetworkClient)
[2023-01-17 11:03:41,215] WARN [RaftManager nodeId=1] Connection to node 3 (kafka3/172.21.0.6:39094) could not be established. Broker may not be available. (org.apache.kafka.clients.NetworkClient)
[2023-01-17 11:03:41,772] INFO [RaftManager nodeId=1] Completed transition to Unattached(epoch=2, voters=[1, 2, 3], electionTimeoutMs=0) (org.apache.kafka.raft.QuorumState)
[2023-01-17 11:03:41,803] INFO [RaftManager nodeId=1] Completed transition to CandidateState(localId=1, epoch=3, retries=1, electionTimeoutMs=1404) (org.apache.kafka.raft.QuorumState)
[2023-01-17 11:03:41,814] INFO [RaftManager nodeId=1] Node 3 disconnected. (org.apache.kafka.clients.NetworkClient)
[2023-01-17 11:03:41,814] WARN [RaftManager nodeId=1] Connection to node 3 (kafka3/172.21.0.6:39094) could not be established. Broker may not be available. (org.apache.kafka.clients.NetworkClient)
[2023-01-17 11:03:42,033] INFO [RaftManager nodeId=1] Completed transition to Leader(localId=1, epoch=3, epochStartOffset=0, highWatermark=Optional.empty, voterStates={1=ReplicaState(nodeId=1, endOffset=Optional.empty, lastFetchTimestamp=-1, lastCaughtUpTimestamp=-1, hasAcknowledgedLeader=true), 2=ReplicaState(nodeId=2, endOffset=Optional.empty, lastFetchTimestamp=-1, lastCaughtUpTimestamp=-1, hasAcknowledgedLeader=false), 3=ReplicaState(nodeId=3, endOffset=Optional.empty, lastFetchTimestamp=-1, lastCaughtUpTimestamp=-1, hasAcknowledgedLeader=false)}) (org.apache.kafka.raft.QuorumState)
[2023-01-17 11:03:42,487] INFO [RaftManager nodeId=1] Node 3 disconnected. (org.apache.kafka.clients.NetworkClient)
[2023-01-17 11:03:42,487] WARN [RaftManager nodeId=1] Connection to node 3 (kafka3/172.21.0.6:39094) could not be established. Broker may not be available. (org.apache.kafka.clients.NetworkClient)
[2023-01-17 11:03:42,711] INFO [RaftManager nodeId=1] Node 3 disconnected. (org.apache.kafka.clients.NetworkClient)
[2023-01-17 11:03:42,711] WARN [RaftManager nodeId=1] Connection to node 3 (kafka3/172.21.0.6:39094) could not be established. Broker may not be available. (org.apache.kafka.clients.NetworkClient)
[2023-01-17 11:03:43,139] INFO [RaftManager nodeId=1] Node 3 disconnected. (org.apache.kafka.clients.NetworkClient)
[2023-01-17 11:03:43,139] WARN [RaftManager nodeId=1] Connection to node 3 (kafka3/172.21.0.6:39094) could not be established. Broker may not be available. (org.apache.kafka.clients.NetworkClient)
[2023-01-17 11:03:43,238] INFO Updated connection-accept-rate max connection creation rate to 2147483647 (kafka.network.ConnectionQuotas)
[2023-01-17 11:03:43,253] INFO Awaiting socket connections on kafka1:39092. (kafka.network.DataPlaneAcceptor)
[2023-01-17 11:03:43,465] INFO [SocketServer listenerType=CONTROLLER, nodeId=1] Created data-plane acceptor and processors for endpoint : ListenerName(CONTROLLER) (kafka.network.SocketServer)
[2023-01-17 11:03:43,539] INFO [Controller 1] Creating new QuorumController with clusterId xrx5mUMWTvaWbk157wFDKw, authorizer Optional.empty. (org.apache.kafka.controller.QuorumController)
[2023-01-17 11:03:43,547] INFO [RaftManager nodeId=1] Registered the listener org.apache.kafka.controller.QuorumController$QuorumMetaLogListener@1875805263 (org.apache.kafka.raft.KafkaRaftClient)
[2023-01-17 11:03:43,564] INFO [Controller 1] Becoming the active controller at epoch 3, committed offset -1, committed epoch -1 (org.apache.kafka.controller.QuorumController)
[2023-01-17 11:03:43,585] INFO [Controller 1] The metadata log appears to be empty. Appending 1 bootstrap record(s) at metadata.version 3.3-IV3 from the binary bootstrap metadata file: /tmp/kraft-combined-logs/bootstrap.checkpoint. (org.apache.kafka.controller.QuorumController)
[2023-01-17 11:03:43,588] INFO [Controller 1] Setting metadata.version to 7 (org.apache.kafka.controller.FeatureControlManager)
[2023-01-17 11:03:43,643] INFO [ThrottledChannelReaper-Fetch]: Starting (kafka.server.ClientQuotaManager$ThrottledChannelReaper)
[2023-01-17 11:03:43,653] INFO [ThrottledChannelReaper-Request]: Starting (kafka.server.ClientQuotaManager$ThrottledChannelReaper)
[2023-01-17 11:03:43,673] INFO [ThrottledChannelReaper-Produce]: Starting (kafka.server.ClientQuotaManager$ThrottledChannelReaper)
[2023-01-17 11:03:43,694] INFO [ThrottledChannelReaper-ControllerMutation]: Starting (kafka.server.ClientQuotaManager$ThrottledChannelReaper)
[2023-01-17 11:03:43,701] INFO [RaftManager nodeId=1] Node 3 disconnected. (org.apache.kafka.clients.NetworkClient)
[2023-01-17 11:03:43,702] WARN [RaftManager nodeId=1] Connection to node 3 (kafka3/172.21.0.6:39094) could not be established. Broker may not be available. (org.apache.kafka.clients.NetworkClient)
[2023-01-17 11:03:43,759] INFO [ExpirationReaper-1-AlterAcls]: Starting (kafka.server.DelayedOperationPurgatory$ExpiredOperationReaper)
[2023-01-17 11:03:43,825] INFO [SocketServer listenerType=CONTROLLER, nodeId=1] Enabling request processing. (kafka.network.SocketServer)
[2023-01-17 11:03:43,885] INFO Kafka version: 7.3.1-ccs (org.apache.kafka.common.utils.AppInfoParser)
[2023-01-17 11:03:43,885] INFO Kafka commitId: 8628b0341c3c46766f141043367cc0052f75b090 (org.apache.kafka.common.utils.AppInfoParser)
[2023-01-17 11:03:43,889] INFO Kafka startTimeMs: 1673953423884 (org.apache.kafka.common.utils.AppInfoParser)
[2023-01-17 11:03:43,904] INFO [KafkaRaftServer nodeId=1] Kafka Server started (kafka.server.KafkaRaftServer)
[2023-01-17 11:03:44,075] INFO [Controller 1] Added new fenced broker: 4 (org.apache.kafka.controller.ClusterControlManager)
[2023-01-17 11:03:44,084] INFO [Controller 1] Registered new broker: RegisterBrokerRecord(brokerId=4, incarnationId=tNHwblaKTlqR6_tnc3UzsQ, brokerEpoch=2, endPoints=[BrokerEndpoint(name='PLAINTEXT', host='kafka4', port=29095, securityProtocol=0), BrokerEndpoint(name='PLAINTEXT_HOST', host='localhost', port=9095, securityProtocol=0)], features=[BrokerFeature(name='metadata.version', minSupportedVersion=1, maxSupportedVersion=7)], rack=null, fenced=true, inControlledShutdown=false) (org.apache.kafka.controller.ClusterControlManager)
[2023-01-17 11:03:44,085] INFO [Controller 1] Added new fenced broker: 5 (org.apache.kafka.controller.ClusterControlManager)
[2023-01-17 11:03:44,085] INFO [Controller 1] Registered new broker: RegisterBrokerRecord(brokerId=5, incarnationId=qGjDuT2-T0yGGpxSr41UsA, brokerEpoch=3, endPoints=[BrokerEndpoint(name='PLAINTEXT', host='kafka5', port=29096, securityProtocol=0), BrokerEndpoint(name='PLAINTEXT_HOST', host='localhost', port=9096, securityProtocol=0)], features=[BrokerFeature(name='metadata.version', minSupportedVersion=1, maxSupportedVersion=7)], rack=null, fenced=true, inControlledShutdown=false) (org.apache.kafka.controller.ClusterControlManager)
[2023-01-17 11:03:45,174] INFO [Controller 1] The request from broker 4 to unfence has been granted because it has caught up with the offset of it's register broker record 2. (org.apache.kafka.controller.BrokerHeartbeatManager)
[2023-01-17 11:03:45,182] INFO [Controller 1] Unfenced broker: 4 (org.apache.kafka.controller.ClusterControlManager)
[2023-01-17 11:03:45,190] INFO [Controller 1] The request from broker 5 to unfence has been granted because it has caught up with the offset of it's register broker record 3. (org.apache.kafka.controller.BrokerHeartbeatManager)
[2023-01-17 11:03:45,191] INFO [Controller 1] Unfenced broker: 5 (org.apache.kafka.controller.ClusterControlManager)
[2023-01-17 11:07:13,187] INFO [Controller 1] CreateTopics result(s): CreatableTopic(name='bar', numPartitions=3, replicationFactor=2, assignments=[], configs=[]): SUCCESS (org.apache.kafka.controller.ReplicationControlManager)
[2023-01-17 11:07:13,188] INFO [Controller 1] Created topic bar with topic ID b4bgupZGSuuDbwfI5Y2JFQ. (org.apache.kafka.controller.ReplicationControlManager)
[2023-01-17 11:07:13,188] INFO [Controller 1] Created partition bar-0 with topic ID b4bgupZGSuuDbwfI5Y2JFQ and PartitionRegistration(replicas=[4, 5], isr=[4, 5], removingReplicas=[], addingReplicas=[], leader=4, leaderRecoveryState=RECOVERED, leaderEpoch=0, partitionEpoch=0). (org.apache.kafka.controller.ReplicationControlManager)
[2023-01-17 11:07:13,190] INFO [Controller 1] Created partition bar-1 with topic ID b4bgupZGSuuDbwfI5Y2JFQ and PartitionRegistration(replicas=[5, 4], isr=[5, 4], removingReplicas=[], addingReplicas=[], leader=5, leaderRecoveryState=RECOVERED, leaderEpoch=0, partitionEpoch=0). (org.apache.kafka.controller.ReplicationControlManager)
[2023-01-17 11:07:13,191] INFO [Controller 1] Created partition bar-2 with topic ID b4bgupZGSuuDbwfI5Y2JFQ and PartitionRegistration(replicas=[4, 5], isr=[4, 5], removingReplicas=[], addingReplicas=[], leader=4, leaderRecoveryState=RECOVERED, leaderEpoch=0, partitionEpoch=0). (org.apache.kafka.controller.ReplicationControlManager)
[2023-01-17 11:10:24,461] INFO [Controller 1] Fencing broker 5 because its session has timed out. (org.apache.kafka.controller.ReplicationControlManager)
[2023-01-17 11:10:24,466] INFO [Controller 1] handleBrokerFenced: changing 3 partition(s) (org.apache.kafka.controller.ReplicationControlManager)
[2023-01-17 11:10:24,466] INFO [Controller 1] Fenced broker: 5 (org.apache.kafka.controller.ClusterControlManager)
[2023-01-17 11:10:24,467] INFO [Controller 1] Fencing broker 4 because its session has timed out. (org.apache.kafka.controller.ReplicationControlManager)
[2023-01-17 11:10:24,467] INFO [Controller 1] handleBrokerFenced: changing 3 partition(s) (org.apache.kafka.controller.ReplicationControlManager)
[2023-01-17 11:10:24,468] INFO [Controller 1] Fenced broker: 4 (org.apache.kafka.controller.ClusterControlManager)
