===> User
uid=0(root) gid=0(root) groups=0(root)
===> Configuring ...
===> Running preflight checks ... 
===> Check if /var/lib/kafka/data is writable ...
===> Check if Zookeeper is healthy ...
ignore zk-ready  40
Formatting /tmp/kraft-combined-logs with metadata.version 3.3-IV3.
===> Launching ... 
===> Launching kafka ... 
[2023-01-17 11:03:34,261] INFO Registered kafka:type=kafka.Log4jController MBean (kafka.utils.Log4jControllerRegistration$)
[2023-01-17 11:03:36,064] INFO Setting -D jdk.tls.rejectClientInitiatedRenegotiation=true to disable client-initiated TLS renegotiation (org.apache.zookeeper.common.X509Util)
[2023-01-17 11:03:36,964] INFO [LogLoader partition=__cluster_metadata-0, dir=/tmp/kraft-combined-logs] Loading producer state till offset 0 with message format version 2 (kafka.log.UnifiedLog$)
[2023-01-17 11:03:36,965] INFO [LogLoader partition=__cluster_metadata-0, dir=/tmp/kraft-combined-logs] Reloading from producer snapshot and rebuilding producer state from offset 0 (kafka.log.UnifiedLog$)
[2023-01-17 11:03:36,967] INFO [LogLoader partition=__cluster_metadata-0, dir=/tmp/kraft-combined-logs] Producer state recovery took 2ms for snapshot load and 0ms for segment recovery from offset 0 (kafka.log.UnifiedLog$)
[2023-01-17 11:03:37,146] INFO Initialized snapshots with IDs SortedSet() from /tmp/kraft-combined-logs/__cluster_metadata-0 (kafka.raft.KafkaMetadataLog$)
[2023-01-17 11:03:37,471] INFO [raft-expiration-reaper]: Starting (kafka.raft.TimingWheelExpirationService$ExpiredOperationReaper)
[2023-01-17 11:03:38,280] INFO [RaftManager nodeId=2] Completed transition to Unattached(epoch=0, voters=[1, 2, 3], electionTimeoutMs=1896) (org.apache.kafka.raft.QuorumState)
[2023-01-17 11:03:38,430] INFO Registered signal handlers for TERM, INT, HUP (org.apache.kafka.common.utils.LoggingSignalHandler)
[2023-01-17 11:03:38,454] INFO Starting controller (kafka.server.ControllerServer)
[2023-01-17 11:03:38,475] INFO [kafka-raft-io-thread]: Starting (kafka.raft.KafkaRaftManager$RaftIoThread)
[2023-01-17 11:03:38,475] INFO [kafka-raft-outbound-request-thread]: Starting (kafka.raft.RaftSendThread)
[2023-01-17 11:03:39,542] INFO [RaftManager nodeId=2] Completed transition to CandidateState(localId=2, epoch=1, retries=1, electionTimeoutMs=1002) (org.apache.kafka.raft.QuorumState)
[2023-01-17 11:03:39,812] INFO [RaftManager nodeId=2] Node 1 disconnected. (org.apache.kafka.clients.NetworkClient)
[2023-01-17 11:03:39,831] WARN [RaftManager nodeId=2] Connection to node 1 (kafka1/172.21.0.5:39092) could not be established. Broker may not be available. (org.apache.kafka.clients.NetworkClient)
[2023-01-17 11:03:39,845] INFO [RaftManager nodeId=2] Node 3 disconnected. (org.apache.kafka.clients.NetworkClient)
[2023-01-17 11:03:39,848] WARN [RaftManager nodeId=2] Connection to node 3 (kafka3/172.21.0.6:39094) could not be established. Broker may not be available. (org.apache.kafka.clients.NetworkClient)
[2023-01-17 11:03:39,910] INFO [RaftManager nodeId=2] Node 3 disconnected. (org.apache.kafka.clients.NetworkClient)
[2023-01-17 11:03:39,910] WARN [RaftManager nodeId=2] Connection to node 3 (kafka3/172.21.0.6:39094) could not be established. Broker may not be available. (org.apache.kafka.clients.NetworkClient)
[2023-01-17 11:03:39,915] INFO [RaftManager nodeId=2] Node 1 disconnected. (org.apache.kafka.clients.NetworkClient)
[2023-01-17 11:03:39,919] WARN [RaftManager nodeId=2] Connection to node 1 (kafka1/172.21.0.5:39092) could not be established. Broker may not be available. (org.apache.kafka.clients.NetworkClient)
[2023-01-17 11:03:40,023] INFO [RaftManager nodeId=2] Node 3 disconnected. (org.apache.kafka.clients.NetworkClient)
[2023-01-17 11:03:40,024] WARN [RaftManager nodeId=2] Connection to node 3 (kafka3/172.21.0.6:39094) could not be established. Broker may not be available. (org.apache.kafka.clients.NetworkClient)
[2023-01-17 11:03:40,047] INFO [RaftManager nodeId=2] Node 1 disconnected. (org.apache.kafka.clients.NetworkClient)
[2023-01-17 11:03:40,047] WARN [RaftManager nodeId=2] Connection to node 1 (kafka1/172.21.0.5:39092) could not be established. Broker may not be available. (org.apache.kafka.clients.NetworkClient)
[2023-01-17 11:03:40,244] INFO [RaftManager nodeId=2] Node 1 disconnected. (org.apache.kafka.clients.NetworkClient)
[2023-01-17 11:03:40,245] WARN [RaftManager nodeId=2] Connection to node 1 (kafka1/172.21.0.5:39092) could not be established. Broker may not be available. (org.apache.kafka.clients.NetworkClient)
[2023-01-17 11:03:40,273] INFO [RaftManager nodeId=2] Node 3 disconnected. (org.apache.kafka.clients.NetworkClient)
[2023-01-17 11:03:40,273] WARN [RaftManager nodeId=2] Connection to node 3 (kafka3/172.21.0.6:39094) could not be established. Broker may not be available. (org.apache.kafka.clients.NetworkClient)
[2023-01-17 11:03:40,464] INFO Updated connection-accept-rate max connection creation rate to 2147483647 (kafka.network.ConnectionQuotas)
[2023-01-17 11:03:40,470] INFO Awaiting socket connections on kafka2:39093. (kafka.network.DataPlaneAcceptor)
[2023-01-17 11:03:40,609] INFO [RaftManager nodeId=2] Re-elect as candidate after election backoff has completed (org.apache.kafka.raft.KafkaRaftClient)
[2023-01-17 11:03:40,621] INFO [RaftManager nodeId=2] Completed transition to CandidateState(localId=2, epoch=2, retries=2, electionTimeoutMs=1225) (org.apache.kafka.raft.QuorumState)
[2023-01-17 11:03:40,681] INFO [RaftManager nodeId=2] Node 3 disconnected. (org.apache.kafka.clients.NetworkClient)
[2023-01-17 11:03:40,683] WARN [RaftManager nodeId=2] Connection to node 3 (kafka3/172.21.0.6:39094) could not be established. Broker may not be available. (org.apache.kafka.clients.NetworkClient)
[2023-01-17 11:03:40,728] INFO [RaftManager nodeId=2] Node 1 disconnected. (org.apache.kafka.clients.NetworkClient)
[2023-01-17 11:03:40,729] WARN [RaftManager nodeId=2] Connection to node 1 (kafka1/172.21.0.5:39092) could not be established. Broker may not be available. (org.apache.kafka.clients.NetworkClient)
[2023-01-17 11:03:40,819] INFO [SocketServer listenerType=CONTROLLER, nodeId=2] Created data-plane acceptor and processors for endpoint : ListenerName(CONTROLLER) (kafka.network.SocketServer)
[2023-01-17 11:03:40,926] INFO [Controller 2] Creating new QuorumController with clusterId xrx5mUMWTvaWbk157wFDKw, authorizer Optional.empty. (org.apache.kafka.controller.QuorumController)
[2023-01-17 11:03:40,928] INFO [RaftManager nodeId=2] Registered the listener org.apache.kafka.controller.QuorumController$QuorumMetaLogListener@1518028605 (org.apache.kafka.raft.KafkaRaftClient)
[2023-01-17 11:03:41,007] INFO [ThrottledChannelReaper-Produce]: Starting (kafka.server.ClientQuotaManager$ThrottledChannelReaper)
[2023-01-17 11:03:41,010] INFO [ThrottledChannelReaper-Fetch]: Starting (kafka.server.ClientQuotaManager$ThrottledChannelReaper)
[2023-01-17 11:03:41,024] INFO [ThrottledChannelReaper-Request]: Starting (kafka.server.ClientQuotaManager$ThrottledChannelReaper)
[2023-01-17 11:03:41,032] INFO [ThrottledChannelReaper-ControllerMutation]: Starting (kafka.server.ClientQuotaManager$ThrottledChannelReaper)
[2023-01-17 11:03:41,119] INFO [ExpirationReaper-2-AlterAcls]: Starting (kafka.server.DelayedOperationPurgatory$ExpiredOperationReaper)
[2023-01-17 11:03:41,137] INFO [RaftManager nodeId=2] Node 3 disconnected. (org.apache.kafka.clients.NetworkClient)
[2023-01-17 11:03:41,137] WARN [RaftManager nodeId=2] Connection to node 3 (kafka3/172.21.0.6:39094) could not be established. Broker may not be available. (org.apache.kafka.clients.NetworkClient)
[2023-01-17 11:03:41,167] INFO [RaftManager nodeId=2] Node 1 disconnected. (org.apache.kafka.clients.NetworkClient)
[2023-01-17 11:03:41,167] WARN [RaftManager nodeId=2] Connection to node 1 (kafka1/172.21.0.5:39092) could not be established. Broker may not be available. (org.apache.kafka.clients.NetworkClient)
[2023-01-17 11:03:41,178] INFO [SocketServer listenerType=CONTROLLER, nodeId=2] Enabling request processing. (kafka.network.SocketServer)
[2023-01-17 11:03:41,258] INFO Kafka version: 7.3.1-ccs (org.apache.kafka.common.utils.AppInfoParser)
[2023-01-17 11:03:41,258] INFO Kafka commitId: 8628b0341c3c46766f141043367cc0052f75b090 (org.apache.kafka.common.utils.AppInfoParser)
[2023-01-17 11:03:41,259] INFO Kafka startTimeMs: 1673953421240 (org.apache.kafka.common.utils.AppInfoParser)
[2023-01-17 11:03:41,288] INFO [KafkaRaftServer nodeId=2] Kafka Server started (kafka.server.KafkaRaftServer)
[2023-01-17 11:03:41,722] INFO [RaftManager nodeId=2] Node 3 disconnected. (org.apache.kafka.clients.NetworkClient)
[2023-01-17 11:03:41,724] WARN [RaftManager nodeId=2] Connection to node 3 (kafka3/172.21.0.6:39094) could not be established. Broker may not be available. (org.apache.kafka.clients.NetworkClient)
[2023-01-17 11:03:41,773] INFO [RaftManager nodeId=2] Node 1 disconnected. (org.apache.kafka.clients.NetworkClient)
[2023-01-17 11:03:41,773] WARN [RaftManager nodeId=2] Connection to node 1 (kafka1/172.21.0.5:39092) could not be established. Broker may not be available. (org.apache.kafka.clients.NetworkClient)
[2023-01-17 11:03:41,840] INFO [RaftManager nodeId=2] Completed transition to Unattached(epoch=3, voters=[1, 2, 3], electionTimeoutMs=15) (org.apache.kafka.raft.QuorumState)
[2023-01-17 11:03:41,906] INFO [Controller 2] In the new epoch 3, the leader is (none). (org.apache.kafka.controller.QuorumController)
[2023-01-17 11:03:41,925] INFO [RaftManager nodeId=2] Completed transition to Voted(epoch=3, votedId=1, voters=[1, 2, 3], electionTimeoutMs=1856) (org.apache.kafka.raft.QuorumState)
[2023-01-17 11:03:41,927] INFO [RaftManager nodeId=2] Vote request VoteRequestData(clusterId='xrx5mUMWTvaWbk157wFDKw', topics=[TopicData(topicName='__cluster_metadata', partitions=[PartitionData(partitionIndex=0, candidateEpoch=3, candidateId=1, lastOffsetEpoch=0, lastOffset=0)])]) with epoch 3 is granted (org.apache.kafka.raft.KafkaRaftClient)
[2023-01-17 11:03:42,521] INFO [RaftManager nodeId=2] Completed transition to FollowerState(fetchTimeoutMs=2000, epoch=3, leaderId=1, voters=[1, 2, 3], highWatermark=Optional.empty, fetchingSnapshot=Optional.empty) (org.apache.kafka.raft.QuorumState)
[2023-01-17 11:03:42,524] INFO [Controller 2] In the new epoch 3, the leader is 1. (org.apache.kafka.controller.QuorumController)
[2023-01-17 11:03:42,547] INFO [RaftManager nodeId=2] Node 1 disconnected. (org.apache.kafka.clients.NetworkClient)
[2023-01-17 11:03:42,557] WARN [RaftManager nodeId=2] Connection to node 1 (kafka1/172.21.0.5:39092) could not be established. Broker may not be available. (org.apache.kafka.clients.NetworkClient)
[2023-01-17 11:03:43,145] INFO [RaftManager nodeId=2] Node 1 disconnected. (org.apache.kafka.clients.NetworkClient)
[2023-01-17 11:03:43,149] WARN [RaftManager nodeId=2] Connection to node 1 (kafka1/172.21.0.5:39092) could not be established. Broker may not be available. (org.apache.kafka.clients.NetworkClient)
[2023-01-17 11:03:44,647] INFO [Controller 2] Setting metadata.version to 7 (org.apache.kafka.controller.FeatureControlManager)
[2023-01-17 11:03:44,664] INFO [Controller 2] Added new fenced broker: 4 (org.apache.kafka.controller.ClusterControlManager)
[2023-01-17 11:03:44,664] INFO [Controller 2] Registered new broker: RegisterBrokerRecord(brokerId=4, incarnationId=tNHwblaKTlqR6_tnc3UzsQ, brokerEpoch=2, endPoints=[BrokerEndpoint(name='PLAINTEXT', host='kafka4', port=29095, securityProtocol=0), BrokerEndpoint(name='PLAINTEXT_HOST', host='localhost', port=9095, securityProtocol=0)], features=[BrokerFeature(name='metadata.version', minSupportedVersion=1, maxSupportedVersion=7)], rack=null, fenced=true, inControlledShutdown=false) (org.apache.kafka.controller.ClusterControlManager)
[2023-01-17 11:03:44,664] INFO [Controller 2] Added new fenced broker: 5 (org.apache.kafka.controller.ClusterControlManager)
[2023-01-17 11:03:44,664] INFO [Controller 2] Registered new broker: RegisterBrokerRecord(brokerId=5, incarnationId=qGjDuT2-T0yGGpxSr41UsA, brokerEpoch=3, endPoints=[BrokerEndpoint(name='PLAINTEXT', host='kafka5', port=29096, securityProtocol=0), BrokerEndpoint(name='PLAINTEXT_HOST', host='localhost', port=9096, securityProtocol=0)], features=[BrokerFeature(name='metadata.version', minSupportedVersion=1, maxSupportedVersion=7)], rack=null, fenced=true, inControlledShutdown=false) (org.apache.kafka.controller.ClusterControlManager)
[2023-01-17 11:03:45,639] INFO [Controller 2] Unfenced broker: 4 (org.apache.kafka.controller.ClusterControlManager)
[2023-01-17 11:03:45,639] INFO [Controller 2] Unfenced broker: 5 (org.apache.kafka.controller.ClusterControlManager)
[2023-01-17 11:07:13,340] INFO [Controller 2] Created topic bar with topic ID b4bgupZGSuuDbwfI5Y2JFQ. (org.apache.kafka.controller.ReplicationControlManager)
[2023-01-17 11:07:13,349] INFO [Controller 2] Created partition bar-0 with topic ID b4bgupZGSuuDbwfI5Y2JFQ and PartitionRegistration(replicas=[4, 5], isr=[4, 5], removingReplicas=[], addingReplicas=[], leader=4, leaderRecoveryState=RECOVERED, leaderEpoch=0, partitionEpoch=0). (org.apache.kafka.controller.ReplicationControlManager)
[2023-01-17 11:07:13,353] INFO [Controller 2] Created partition bar-1 with topic ID b4bgupZGSuuDbwfI5Y2JFQ and PartitionRegistration(replicas=[5, 4], isr=[5, 4], removingReplicas=[], addingReplicas=[], leader=5, leaderRecoveryState=RECOVERED, leaderEpoch=0, partitionEpoch=0). (org.apache.kafka.controller.ReplicationControlManager)
[2023-01-17 11:07:13,353] INFO [Controller 2] Created partition bar-2 with topic ID b4bgupZGSuuDbwfI5Y2JFQ and PartitionRegistration(replicas=[4, 5], isr=[4, 5], removingReplicas=[], addingReplicas=[], leader=4, leaderRecoveryState=RECOVERED, leaderEpoch=0, partitionEpoch=0). (org.apache.kafka.controller.ReplicationControlManager)
[2023-01-17 11:10:16,456] INFO [RaftManager nodeId=2] Become candidate due to fetch timeout (org.apache.kafka.raft.KafkaRaftClient)
[2023-01-17 11:10:16,460] INFO [RaftManager nodeId=2] Disconnecting from node 1 due to request timeout. (org.apache.kafka.clients.NetworkClient)
[2023-01-17 11:10:16,469] INFO [RaftManager nodeId=2] Completed transition to CandidateState(localId=2, epoch=4, retries=1, electionTimeoutMs=1511) (org.apache.kafka.raft.QuorumState)
[2023-01-17 11:10:16,470] INFO [RaftManager nodeId=2] Cancelled in-flight FETCH request with correlation id 841 due to node 1 being disconnected (elapsed time since creation: 2002ms, elapsed time since send: 2001ms, request timeout: 2000ms) (org.apache.kafka.clients.NetworkClient)
[2023-01-17 11:10:16,470] INFO [Controller 2] In the new epoch 4, the leader is (none). (org.apache.kafka.controller.QuorumController)
[2023-01-17 11:10:16,480] INFO [RaftManager nodeId=2] Vote request VoteRequestData(clusterId='xrx5mUMWTvaWbk157wFDKw', topics=[TopicData(topicName='__cluster_metadata', partitions=[PartitionData(partitionIndex=0, candidateEpoch=4, candidateId=3, lastOffsetEpoch=3, lastOffset=791)])]) with epoch 4 is rejected (org.apache.kafka.raft.KafkaRaftClient)
[2023-01-17 11:10:17,915] INFO [RaftManager nodeId=2] Completed transition to Unattached(epoch=5, voters=[1, 2, 3], electionTimeoutMs=58) (org.apache.kafka.raft.QuorumState)
[2023-01-17 11:10:17,915] INFO [Controller 2] In the new epoch 5, the leader is (none). (org.apache.kafka.controller.QuorumController)
[2023-01-17 11:10:17,921] INFO [RaftManager nodeId=2] Completed transition to Voted(epoch=5, votedId=3, voters=[1, 2, 3], electionTimeoutMs=1073) (org.apache.kafka.raft.QuorumState)
[2023-01-17 11:10:17,921] INFO [RaftManager nodeId=2] Vote request VoteRequestData(clusterId='xrx5mUMWTvaWbk157wFDKw', topics=[TopicData(topicName='__cluster_metadata', partitions=[PartitionData(partitionIndex=0, candidateEpoch=5, candidateId=3, lastOffsetEpoch=3, lastOffset=791)])]) with epoch 5 is granted (org.apache.kafka.raft.KafkaRaftClient)
[2023-01-17 11:10:17,964] INFO [RaftManager nodeId=2] Completed transition to FollowerState(fetchTimeoutMs=2000, epoch=5, leaderId=3, voters=[1, 2, 3], highWatermark=Optional[LogOffsetMetadata(offset=790, metadata=Optional.empty)], fetchingSnapshot=Optional.empty) (org.apache.kafka.raft.QuorumState)
[2023-01-17 11:10:17,964] INFO [Controller 2] In the new epoch 5, the leader is 3. (org.apache.kafka.controller.QuorumController)
[2023-01-17 11:10:28,537] INFO [RaftManager nodeId=2] Disconnecting from node 1 due to request timeout. (org.apache.kafka.clients.NetworkClient)
[2023-01-17 11:10:28,538] INFO [RaftManager nodeId=2] Cancelled in-flight API_VERSIONS request with correlation id 866 due to node 1 being disconnected (elapsed time since creation: 2024ms, elapsed time since send: 2024ms, request timeout: 2000ms) (org.apache.kafka.clients.NetworkClient)
[2023-01-17 11:10:46,058] INFO [Controller 2] Fenced broker: 4 (org.apache.kafka.controller.ClusterControlManager)
[2023-01-17 11:10:46,059] INFO [Controller 2] Unfenced broker: 4 (org.apache.kafka.controller.ClusterControlManager)
