===> User
uid=0(root) gid=0(root) groups=0(root)
===> Configuring ...
===> Running preflight checks ... 
===> Check if /var/lib/kafka/data is writable ...
===> Check if Zookeeper is healthy ...
ignore zk-ready  40
Formatting /tmp/kraft-combined-logs with metadata.version 3.3-IV3.
===> Launching ... 
===> Launching kafka ... 
[2023-01-17 11:03:35,722] INFO Registered kafka:type=kafka.Log4jController MBean (kafka.utils.Log4jControllerRegistration$)
[2023-01-17 11:03:37,895] INFO Setting -D jdk.tls.rejectClientInitiatedRenegotiation=true to disable client-initiated TLS renegotiation (org.apache.zookeeper.common.X509Util)
[2023-01-17 11:03:38,771] INFO [LogLoader partition=__cluster_metadata-0, dir=/tmp/kraft-combined-logs] Loading producer state till offset 0 with message format version 2 (kafka.log.UnifiedLog$)
[2023-01-17 11:03:38,773] INFO [LogLoader partition=__cluster_metadata-0, dir=/tmp/kraft-combined-logs] Reloading from producer snapshot and rebuilding producer state from offset 0 (kafka.log.UnifiedLog$)
[2023-01-17 11:03:38,781] INFO [LogLoader partition=__cluster_metadata-0, dir=/tmp/kraft-combined-logs] Producer state recovery took 3ms for snapshot load and 2ms for segment recovery from offset 0 (kafka.log.UnifiedLog$)
[2023-01-17 11:03:39,064] INFO Initialized snapshots with IDs SortedSet() from /tmp/kraft-combined-logs/__cluster_metadata-0 (kafka.raft.KafkaMetadataLog$)
[2023-01-17 11:03:39,255] INFO [raft-expiration-reaper]: Starting (kafka.raft.TimingWheelExpirationService$ExpiredOperationReaper)
[2023-01-17 11:03:39,963] INFO [RaftManager nodeId=3] Completed transition to Unattached(epoch=0, voters=[1, 2, 3], electionTimeoutMs=1032) (org.apache.kafka.raft.QuorumState)
[2023-01-17 11:03:40,255] INFO Registered signal handlers for TERM, INT, HUP (org.apache.kafka.common.utils.LoggingSignalHandler)
[2023-01-17 11:03:40,279] INFO Starting controller (kafka.server.ControllerServer)
[2023-01-17 11:03:40,280] INFO [kafka-raft-outbound-request-thread]: Starting (kafka.raft.RaftSendThread)
[2023-01-17 11:03:40,281] INFO [kafka-raft-io-thread]: Starting (kafka.raft.KafkaRaftManager$RaftIoThread)
[2023-01-17 11:03:40,361] INFO [RaftManager nodeId=3] Completed transition to CandidateState(localId=3, epoch=1, retries=1, electionTimeoutMs=1988) (org.apache.kafka.raft.QuorumState)
[2023-01-17 11:03:41,674] INFO [RaftManager nodeId=3] Node 1 disconnected. (org.apache.kafka.clients.NetworkClient)
[2023-01-17 11:03:41,700] WARN [RaftManager nodeId=3] Connection to node 1 (kafka1/172.21.0.5:39092) could not be established. Broker may not be available. (org.apache.kafka.clients.NetworkClient)
[2023-01-17 11:03:42,520] INFO [RaftManager nodeId=3] Re-elect as candidate after election backoff has completed (org.apache.kafka.raft.KafkaRaftClient)
[2023-01-17 11:03:42,542] INFO [RaftManager nodeId=3] Completed transition to CandidateState(localId=3, epoch=2, retries=2, electionTimeoutMs=1364) (org.apache.kafka.raft.QuorumState)
[2023-01-17 11:03:42,553] INFO [RaftManager nodeId=3] Node 1 disconnected. (org.apache.kafka.clients.NetworkClient)
[2023-01-17 11:03:42,553] WARN [RaftManager nodeId=3] Connection to node 1 (kafka1/172.21.0.5:39092) could not be established. Broker may not be available. (org.apache.kafka.clients.NetworkClient)
[2023-01-17 11:03:42,607] INFO [RaftManager nodeId=3] Completed transition to FollowerState(fetchTimeoutMs=2000, epoch=3, leaderId=1, voters=[1, 2, 3], highWatermark=Optional.empty, fetchingSnapshot=Optional.empty) (org.apache.kafka.raft.QuorumState)
[2023-01-17 11:03:42,646] INFO [RaftManager nodeId=3] Node 1 disconnected. (org.apache.kafka.clients.NetworkClient)
[2023-01-17 11:03:42,648] WARN [RaftManager nodeId=3] Connection to node 1 (kafka1/172.21.0.5:39092) could not be established. Broker may not be available. (org.apache.kafka.clients.NetworkClient)
[2023-01-17 11:03:42,906] INFO [RaftManager nodeId=3] Node 1 disconnected. (org.apache.kafka.clients.NetworkClient)
[2023-01-17 11:03:42,907] WARN [RaftManager nodeId=3] Connection to node 1 (kafka1/172.21.0.5:39092) could not be established. Broker may not be available. (org.apache.kafka.clients.NetworkClient)
[2023-01-17 11:03:43,882] INFO Updated connection-accept-rate max connection creation rate to 2147483647 (kafka.network.ConnectionQuotas)
[2023-01-17 11:03:43,900] INFO Awaiting socket connections on kafka3:39094. (kafka.network.DataPlaneAcceptor)
[2023-01-17 11:03:44,096] INFO [SocketServer listenerType=CONTROLLER, nodeId=3] Created data-plane acceptor and processors for endpoint : ListenerName(CONTROLLER) (kafka.network.SocketServer)
[2023-01-17 11:03:44,314] INFO [Controller 3] Creating new QuorumController with clusterId xrx5mUMWTvaWbk157wFDKw, authorizer Optional.empty. (org.apache.kafka.controller.QuorumController)
[2023-01-17 11:03:44,386] INFO [RaftManager nodeId=3] Registered the listener org.apache.kafka.controller.QuorumController$QuorumMetaLogListener@1068491394 (org.apache.kafka.raft.KafkaRaftClient)
[2023-01-17 11:03:44,395] INFO [ThrottledChannelReaper-Fetch]: Starting (kafka.server.ClientQuotaManager$ThrottledChannelReaper)
[2023-01-17 11:03:44,402] INFO [ThrottledChannelReaper-Produce]: Starting (kafka.server.ClientQuotaManager$ThrottledChannelReaper)
[2023-01-17 11:03:44,439] INFO [ThrottledChannelReaper-Request]: Starting (kafka.server.ClientQuotaManager$ThrottledChannelReaper)
[2023-01-17 11:03:44,440] INFO [Controller 3] Setting metadata.version to 7 (org.apache.kafka.controller.FeatureControlManager)
[2023-01-17 11:03:44,450] INFO [Controller 3] Added new fenced broker: 4 (org.apache.kafka.controller.ClusterControlManager)
[2023-01-17 11:03:44,452] INFO [Controller 3] Registered new broker: RegisterBrokerRecord(brokerId=4, incarnationId=tNHwblaKTlqR6_tnc3UzsQ, brokerEpoch=2, endPoints=[BrokerEndpoint(name='PLAINTEXT', host='kafka4', port=29095, securityProtocol=0), BrokerEndpoint(name='PLAINTEXT_HOST', host='localhost', port=9095, securityProtocol=0)], features=[BrokerFeature(name='metadata.version', minSupportedVersion=1, maxSupportedVersion=7)], rack=null, fenced=true, inControlledShutdown=false) (org.apache.kafka.controller.ClusterControlManager)
[2023-01-17 11:03:44,452] INFO [Controller 3] Added new fenced broker: 5 (org.apache.kafka.controller.ClusterControlManager)
[2023-01-17 11:03:44,454] INFO [Controller 3] Registered new broker: RegisterBrokerRecord(brokerId=5, incarnationId=qGjDuT2-T0yGGpxSr41UsA, brokerEpoch=3, endPoints=[BrokerEndpoint(name='PLAINTEXT', host='kafka5', port=29096, securityProtocol=0), BrokerEndpoint(name='PLAINTEXT_HOST', host='localhost', port=9096, securityProtocol=0)], features=[BrokerFeature(name='metadata.version', minSupportedVersion=1, maxSupportedVersion=7)], rack=null, fenced=true, inControlledShutdown=false) (org.apache.kafka.controller.ClusterControlManager)
[2023-01-17 11:03:44,460] INFO [ThrottledChannelReaper-ControllerMutation]: Starting (kafka.server.ClientQuotaManager$ThrottledChannelReaper)
[2023-01-17 11:03:44,494] INFO [ExpirationReaper-3-AlterAcls]: Starting (kafka.server.DelayedOperationPurgatory$ExpiredOperationReaper)
[2023-01-17 11:03:44,505] INFO [SocketServer listenerType=CONTROLLER, nodeId=3] Enabling request processing. (kafka.network.SocketServer)
[2023-01-17 11:03:44,515] INFO Kafka version: 7.3.1-ccs (org.apache.kafka.common.utils.AppInfoParser)
[2023-01-17 11:03:44,515] INFO Kafka commitId: 8628b0341c3c46766f141043367cc0052f75b090 (org.apache.kafka.common.utils.AppInfoParser)
[2023-01-17 11:03:44,515] INFO Kafka startTimeMs: 1673953424514 (org.apache.kafka.common.utils.AppInfoParser)
[2023-01-17 11:03:44,517] INFO [KafkaRaftServer nodeId=3] Kafka Server started (kafka.server.KafkaRaftServer)
[2023-01-17 11:03:45,642] INFO [Controller 3] Unfenced broker: 4 (org.apache.kafka.controller.ClusterControlManager)
[2023-01-17 11:03:45,642] INFO [Controller 3] Unfenced broker: 5 (org.apache.kafka.controller.ClusterControlManager)
[2023-01-17 11:07:13,344] INFO [Controller 3] Created topic bar with topic ID b4bgupZGSuuDbwfI5Y2JFQ. (org.apache.kafka.controller.ReplicationControlManager)
[2023-01-17 11:07:13,347] INFO [Controller 3] Created partition bar-0 with topic ID b4bgupZGSuuDbwfI5Y2JFQ and PartitionRegistration(replicas=[4, 5], isr=[4, 5], removingReplicas=[], addingReplicas=[], leader=4, leaderRecoveryState=RECOVERED, leaderEpoch=0, partitionEpoch=0). (org.apache.kafka.controller.ReplicationControlManager)
[2023-01-17 11:07:13,348] INFO [Controller 3] Created partition bar-1 with topic ID b4bgupZGSuuDbwfI5Y2JFQ and PartitionRegistration(replicas=[5, 4], isr=[5, 4], removingReplicas=[], addingReplicas=[], leader=5, leaderRecoveryState=RECOVERED, leaderEpoch=0, partitionEpoch=0). (org.apache.kafka.controller.ReplicationControlManager)
[2023-01-17 11:07:13,348] INFO [Controller 3] Created partition bar-2 with topic ID b4bgupZGSuuDbwfI5Y2JFQ and PartitionRegistration(replicas=[4, 5], isr=[4, 5], removingReplicas=[], addingReplicas=[], leader=4, leaderRecoveryState=RECOVERED, leaderEpoch=0, partitionEpoch=0). (org.apache.kafka.controller.ReplicationControlManager)
[2023-01-17 11:10:16,455] INFO [RaftManager nodeId=3] Become candidate due to fetch timeout (org.apache.kafka.raft.KafkaRaftClient)
[2023-01-17 11:10:16,464] INFO [RaftManager nodeId=3] Disconnecting from node 1 due to request timeout. (org.apache.kafka.clients.NetworkClient)
[2023-01-17 11:10:16,474] INFO [RaftManager nodeId=3] Cancelled in-flight FETCH request with correlation id 796 due to node 1 being disconnected (elapsed time since creation: 2002ms, elapsed time since send: 2002ms, request timeout: 2000ms) (org.apache.kafka.clients.NetworkClient)
[2023-01-17 11:10:16,475] INFO [RaftManager nodeId=3] Completed transition to CandidateState(localId=3, epoch=4, retries=1, electionTimeoutMs=1337) (org.apache.kafka.raft.QuorumState)
[2023-01-17 11:10:16,478] INFO [Controller 3] In the new epoch 4, the leader is (none). (org.apache.kafka.controller.QuorumController)
[2023-01-17 11:10:16,527] INFO [RaftManager nodeId=3] Vote request VoteRequestData(clusterId='xrx5mUMWTvaWbk157wFDKw', topics=[TopicData(topicName='__cluster_metadata', partitions=[PartitionData(partitionIndex=0, candidateEpoch=4, candidateId=2, lastOffsetEpoch=3, lastOffset=791)])]) with epoch 4 is rejected (org.apache.kafka.raft.KafkaRaftClient)
[2023-01-17 11:10:17,899] INFO [RaftManager nodeId=3] Re-elect as candidate after election backoff has completed (org.apache.kafka.raft.KafkaRaftClient)
[2023-01-17 11:10:17,907] INFO [RaftManager nodeId=3] Completed transition to CandidateState(localId=3, epoch=5, retries=2, electionTimeoutMs=1335) (org.apache.kafka.raft.QuorumState)
[2023-01-17 11:10:17,907] INFO [Controller 3] In the new epoch 5, the leader is (none). (org.apache.kafka.controller.QuorumController)
[2023-01-17 11:10:17,934] INFO [RaftManager nodeId=3] Completed transition to Leader(localId=3, epoch=5, epochStartOffset=791, highWatermark=Optional.empty, voterStates={1=ReplicaState(nodeId=1, endOffset=Optional.empty, lastFetchTimestamp=-1, lastCaughtUpTimestamp=-1, hasAcknowledgedLeader=false), 2=ReplicaState(nodeId=2, endOffset=Optional.empty, lastFetchTimestamp=-1, lastCaughtUpTimestamp=-1, hasAcknowledgedLeader=false), 3=ReplicaState(nodeId=3, endOffset=Optional.empty, lastFetchTimestamp=-1, lastCaughtUpTimestamp=-1, hasAcknowledgedLeader=true)}) (org.apache.kafka.raft.QuorumState)
[2023-01-17 11:10:17,983] INFO [Controller 3] Becoming the active controller at epoch 5, committed offset 790, committed epoch 3 (org.apache.kafka.controller.QuorumController)
[2023-01-17 11:10:29,939] INFO [RaftManager nodeId=3] Disconnecting from node 1 due to request timeout. (org.apache.kafka.clients.NetworkClient)
[2023-01-17 11:10:29,940] INFO [RaftManager nodeId=3] Cancelled in-flight API_VERSIONS request with correlation id 809 due to node 1 being disconnected (elapsed time since creation: 3382ms, elapsed time since send: 3382ms, request timeout: 2000ms) (org.apache.kafka.clients.NetworkClient)
[2023-01-17 11:10:42,067] INFO [RaftManager nodeId=3] Disconnecting from node 1 due to request timeout. (org.apache.kafka.clients.NetworkClient)
[2023-01-17 11:10:42,068] INFO [RaftManager nodeId=3] Cancelled in-flight API_VERSIONS request with correlation id 817 due to node 1 being disconnected (elapsed time since creation: 2022ms, elapsed time since send: 2022ms, request timeout: 2000ms) (org.apache.kafka.clients.NetworkClient)
[2023-01-17 11:10:45,576] INFO [Controller 3] Fencing broker 4 because its session has timed out. (org.apache.kafka.controller.ReplicationControlManager)
[2023-01-17 11:10:45,581] INFO [Controller 3] handleBrokerFenced: changing 3 partition(s) (org.apache.kafka.controller.ReplicationControlManager)
[2023-01-17 11:10:45,582] INFO [Controller 3] Fenced broker: 4 (org.apache.kafka.controller.ClusterControlManager)
[2023-01-17 11:10:45,582] INFO [Controller 3] The request from broker 4 to unfence has been granted because it has caught up with the offset of it's register broker record 4. (org.apache.kafka.controller.BrokerHeartbeatManager)
[2023-01-17 11:10:45,583] INFO [Controller 3] Unfenced broker: 4 (org.apache.kafka.controller.ClusterControlManager)
[2023-01-17 11:10:54,287] INFO [RaftManager nodeId=3] Disconnecting from node 1 due to request timeout. (org.apache.kafka.clients.NetworkClient)
[2023-01-17 11:10:54,287] INFO [RaftManager nodeId=3] Cancelled in-flight API_VERSIONS request with correlation id 825 due to node 1 being disconnected (elapsed time since creation: 2025ms, elapsed time since send: 2025ms, request timeout: 2000ms) (org.apache.kafka.clients.NetworkClient)
[2023-01-17 11:11:06,639] INFO [RaftManager nodeId=3] Disconnecting from node 1 due to request timeout. (org.apache.kafka.clients.NetworkClient)
[2023-01-17 11:11:06,640] INFO [RaftManager nodeId=3] Cancelled in-flight API_VERSIONS request with correlation id 833 due to node 1 being disconnected (elapsed time since creation: 2043ms, elapsed time since send: 2043ms, request timeout: 2000ms) (org.apache.kafka.clients.NetworkClient)
[2023-01-17 11:11:19,207] INFO [RaftManager nodeId=3] Disconnecting from node 1 due to request timeout. (org.apache.kafka.clients.NetworkClient)
[2023-01-17 11:11:19,207] INFO [RaftManager nodeId=3] Cancelled in-flight API_VERSIONS request with correlation id 841 due to node 1 being disconnected (elapsed time since creation: 2026ms, elapsed time since send: 2026ms, request timeout: 2000ms) (org.apache.kafka.clients.NetworkClient)
[2023-01-17 11:11:31,775] INFO [RaftManager nodeId=3] Disconnecting from node 1 due to request timeout. (org.apache.kafka.clients.NetworkClient)
[2023-01-17 11:11:31,776] INFO [RaftManager nodeId=3] Cancelled in-flight API_VERSIONS request with correlation id 849 due to node 1 being disconnected (elapsed time since creation: 2007ms, elapsed time since send: 2007ms, request timeout: 2000ms) (org.apache.kafka.clients.NetworkClient)
[2023-01-17 11:11:44,279] INFO [RaftManager nodeId=3] Disconnecting from node 1 due to request timeout. (org.apache.kafka.clients.NetworkClient)
[2023-01-17 11:11:44,279] INFO [RaftManager nodeId=3] Cancelled in-flight API_VERSIONS request with correlation id 857 due to node 1 being disconnected (elapsed time since creation: 2023ms, elapsed time since send: 2023ms, request timeout: 2000ms) (org.apache.kafka.clients.NetworkClient)
[2023-01-17 11:11:54,818] INFO [RaftManager nodeId=3] Disconnecting from node 1 due to socket connection setup timeout. The timeout value is 8063 ms. (org.apache.kafka.clients.NetworkClient)
[2023-01-17 11:12:07,249] INFO [RaftManager nodeId=3] Disconnecting from node 1 due to request timeout. (org.apache.kafka.clients.NetworkClient)
[2023-01-17 11:12:07,249] INFO [RaftManager nodeId=3] Cancelled in-flight API_VERSIONS request with correlation id 871 due to node 1 being disconnected (elapsed time since creation: 2027ms, elapsed time since send: 2027ms, request timeout: 2000ms) (org.apache.kafka.clients.NetworkClient)
[2023-01-17 11:12:19,699] INFO [RaftManager nodeId=3] Disconnecting from node 1 due to request timeout. (org.apache.kafka.clients.NetworkClient)
[2023-01-17 11:12:19,699] INFO [RaftManager nodeId=3] Cancelled in-flight API_VERSIONS request with correlation id 879 due to node 1 being disconnected (elapsed time since creation: 2026ms, elapsed time since send: 2026ms, request timeout: 2000ms) (org.apache.kafka.clients.NetworkClient)
[2023-01-17 11:12:32,264] INFO [RaftManager nodeId=3] Disconnecting from node 1 due to request timeout. (org.apache.kafka.clients.NetworkClient)
[2023-01-17 11:12:32,265] INFO [RaftManager nodeId=3] Cancelled in-flight API_VERSIONS request with correlation id 887 due to node 1 being disconnected (elapsed time since creation: 2009ms, elapsed time since send: 2009ms, request timeout: 2000ms) (org.apache.kafka.clients.NetworkClient)
[2023-01-17 11:12:44,885] INFO [RaftManager nodeId=3] Disconnecting from node 1 due to request timeout. (org.apache.kafka.clients.NetworkClient)
[2023-01-17 11:12:44,885] INFO [RaftManager nodeId=3] Cancelled in-flight API_VERSIONS request with correlation id 895 due to node 1 being disconnected (elapsed time since creation: 2028ms, elapsed time since send: 2028ms, request timeout: 2000ms) (org.apache.kafka.clients.NetworkClient)
[2023-01-17 11:12:57,519] INFO [RaftManager nodeId=3] Disconnecting from node 1 due to request timeout. (org.apache.kafka.clients.NetworkClient)
[2023-01-17 11:12:57,519] INFO [RaftManager nodeId=3] Cancelled in-flight API_VERSIONS request with correlation id 904 due to node 1 being disconnected (elapsed time since creation: 2029ms, elapsed time since send: 2029ms, request timeout: 2000ms) (org.apache.kafka.clients.NetworkClient)
[2023-01-17 11:13:10,149] INFO [RaftManager nodeId=3] Disconnecting from node 1 due to request timeout. (org.apache.kafka.clients.NetworkClient)
[2023-01-17 11:13:10,150] INFO [RaftManager nodeId=3] Cancelled in-flight API_VERSIONS request with correlation id 913 due to node 1 being disconnected (elapsed time since creation: 2012ms, elapsed time since send: 2012ms, request timeout: 2000ms) (org.apache.kafka.clients.NetworkClient)
